<?xml version="1.0" encoding="UTF-8"?>
<!-- Generated by org.testng.reporters.JUnitXMLReporter -->
<testsuite hostname="DESKTOP-HT9LOUA" name="Test" tests="10" failures="0" timestamp="23 May 2016 12:37:02 GMT" time="371.033" errors="0">
  <testcase name="main" time="7.392" classname="testCases.TCLogInLogOut_Test"/>
  <testcase name="main" time="54.961" classname="testCases.TCTestZakladek_Test"/>
  <testcase name="main" time="20.359" classname="testCases.TCMojeOtwarteRealizacje_Test"/>
  <testcase name="main" time="12.211" classname="testCases.TCVisibilityCalendarPBXCall_Test"/>
  <testcase name="main" time="24.619" classname="testCases.TCKolejki_WyszukiwanieCalli_Test"/>
  <testcase name="main" time="23.025" classname="testCases.TCCosting_WyszukiwanieProjektuCostingowego_Test"/>
  <testcase name="main" time="36.803" classname="testCases.TCCosting_ProjektCostingowy_ExportUslug_Test"/>
  <testcase name="main" time="42.327" classname="testCases.TCRealizacjaCallaBladRADIOCall_Test"/>
  <testcase name="main" time="44.861" classname="testCases.TCKolejkiLinkStareNowe_Test"/>
  <testcase name="main" time="22.414" classname="testCases.TCRealizacjeLinkStareNowe_Test"/>
</testsuite> <!-- Test -->
