<?xml version="1.0" encoding="UTF-8"?>
<testng-results skipped="0" failed="0" total="1" passed="1">
  <reporter-output>
    <line>
      <![CDATA[Zalogowano do Clientele]]>
    </line>
  </reporter-output>
  <suite name="Default suite" duration-ms="78135" started-at="2016-05-23T10:34:02Z" finished-at="2016-05-23T10:35:20Z">
    <groups>
    </groups>
    <test name="Default test" duration-ms="78135" started-at="2016-05-23T10:34:02Z" finished-at="2016-05-23T10:35:20Z">
      <class name="testCases.TCProcessingCall_ZUI_Test">
        <test-method status="PASS" signature="beforeMethod()[pri:0, instance:testCases.TCProcessingCall_ZUI_Test@17b90c55]" name="beforeMethod" is-config="true" duration-ms="8184" started-at="2016-05-23T12:34:02Z" finished-at="2016-05-23T12:34:10Z">
          <reporter-output>
          </reporter-output>
        </test-method> <!-- beforeMethod -->
        <test-method status="PASS" signature="main()[pri:0, instance:testCases.TCProcessingCall_ZUI_Test@17b90c55]" name="main" duration-ms="69912" started-at="2016-05-23T12:34:10Z" finished-at="2016-05-23T12:35:20Z">
          <reporter-output>
            <line>
              <![CDATA[Zalogowano do Clientele]]>
            </line>
          </reporter-output>
        </test-method> <!-- main -->
        <test-method status="PASS" signature="afterMethod()[pri:0, instance:testCases.TCProcessingCall_ZUI_Test@17b90c55]" name="afterMethod" is-config="true" duration-ms="23" started-at="2016-05-23T12:35:20Z" finished-at="2016-05-23T12:35:20Z">
          <reporter-output>
          </reporter-output>
        </test-method> <!-- afterMethod -->
      </class> <!-- testCases.TCProcessingCall_ZUI_Test -->
    </test> <!-- Default test -->
  </suite> <!-- Default suite -->
</testng-results>
